  Installing backend dependencies: finished with status 'done'
  Preparing metadata (pyproject.toml): started
Menu
  Preparing metadata (pyproject.toml): still running...
  Preparing metadata (pyproject.toml): still running...
  Preparing metadata (pyproject.toml): still running...
  Preparing metadata (pyproject.toml): still running...
  Preparing metadata (pyproject.toml): still running...
  Preparing metadata (pyproject.toml): still running...
  Preparing metadata (pyproject.toml): still running...
  Preparing metadata (pyproject.toml): finished with status 'done'
WARNING: Retrying (Retry(total=4, connect=None, read=None, redirect=None, status=None)) after connection broken by 'ProtocolError('Connection aborted.', ConnectionResetError(104, 'Connection reset by peer'))': /simple/pandas/
Collecting pandas==2.1.4 (from -r requirements.txt (line 2))
  WARNING: Retrying (Retry(total=4, connect=None, read=None, redirect=None, status=None)) after connection broken by 'ProtocolError('Connection aborted.', ConnectionResetError(104, 'Connection reset by peer'))': /packages/6f/41/eb562668eaf93790762f600536b28c97b45803cba9253cd8e436cda96aef/pandas-2.1.4.tar.gz
  Downloading pandas-2.1.4.tar.gz (4.3 MB)
     â”â”â”â”â”â”â”â”â”â”â”â”â”â”â”â”â”â”â”â”â”â”â”â”â”â”â”â”â”â”â”â”â”â”â”â”â”â”â”â” 4.3/4.3 MB 17.2 MB/s  0:00:00
  Installing build dependencies: started
  Installing build dependencies: still running...
  Installing build dependencies: still running...
  Installing build dependencies: still running...
  Installing build dependencies: still running...
  Installing build dependencies: still running...
  Installing build dependencies: still running...
  Installing build dependencies: still running...
  Installing build dependencies: finished with status 'done'
  Getting requirements to build wheel: started
  Getting requirements to build wheel: finished with status 'done'
  Installing backend dependencies: started
  Installing backend dependencies: finished with status 'done'
  Preparing metadata (pyproject.toml): started
  Preparing metadata (pyproject.toml): still running...
  Preparing metadata (pyproject.toml): finished with status 'error'
  error: subprocess-exited-with-error
  
  Ã— Preparing metadata (pyproject.toml) did not run successfully.
  â”‚ exit code: 1
  â•°â”€> [105 lines of output]
      + meson setup /tmp/pip-install-e70my99u/pandas_8238484cc8184e3594c3b04dff3ea64f /tmp/pip-install-e70my99u/pandas_8238484cc8184e3594c3b04dff3ea64f/.mesonpy-ci9qpe1f/build -Dbuildtype=release -Db_ndebug=if-release -Db_vscrt=md --vsenv --native-file=/tmp/pip-install-e70my99u/pandas_8238484cc8184e3594c3b04dff3ea64f/.mesonpy-ci9qpe1f/build/meson-python-native-file.ini
      The Meson build system
      Version: 1.2.1
      Source dir: /tmp/pip-install-e70my99u/pandas_8238484cc8184e3594c3b04dff3ea64f
      Build dir: /tmp/pip-install-e70my99u/pandas_8238484cc8184e3594c3b04dff3ea64f/.mesonpy-ci9qpe1f/build
      Build type: native build
      Project name: pandas
      Project version: 2.1.4
      C compiler for the host machine: cc (gcc 12.2.0 "cc (Debian 12.2.0-14+deb12u1) 12.2.0")
      C linker for the host machine: cc ld.bfd 2.40
      C++ compiler for the host machine: c++ (gcc 12.2.0 "c++ (Debian 12.2.0-14+deb12u1) 12.2.0")
      C++ linker for the host machine: c++ ld.bfd 2.40
      Cython compiler for the host machine: cython (cython 0.29.37)
      Host machine cpu family: x86_64
      Host machine cpu: x86_64
      Program python found: YES (/opt/render/project/src/.venv/bin/python3.14)
      Found pkg-config: /usr/bin/pkg-config (1.8.1)
      Run-time dependency python found: YES 3.14
      Build targets in project: 53
      
      pandas 2.1.4
      
        User defined options
          Native files: /tmp/pip-install-e70my99u/pandas_8238484cc8184e3594c3b04dff3ea64f/.mesonpy-ci9qpe1f/build/meson-python-native-file.ini
          buildtype   : release
          vsenv       : True
          b_ndebug    : if-release
          b_vscrt     : md
      
      Found ninja-1.11.1 at /usr/bin/ninja
      
      Visual Studio environment is needed to run Ninja. It is recommended to use Meson wrapper:
      /tmp/pip-build-env-phw010yk/overlay/bin/meson compile -C .
      + /usr/bin/ninja
      [1/151] Generating pandas/_libs/algos_common_helper_pxi with a custom command
      [2/151] Generating pandas/_libs/khash_primitive_helper_pxi with a custom command
      [3/151] Generating pandas/__init__.py with a custom command
      [4/151] Generating pandas/_libs/algos_take_helper_pxi with a custom command
      [5/151] Generating pandas/_libs/intervaltree_helper_pxi with a custom command
      [6/151] Generating pandas/_libs/index_class_helper_pxi with a custom command
      [7/151] Generating pandas/_libs/hashtable_class_helper_pxi with a custom command
      [8/151] Generating pandas/_libs/hashtable_func_helper_pxi with a custom command
      [9/151] Generating pandas/_libs/sparse_op_helper_pxi with a custom command
      [10/151] Compiling C object pandas/_libs/pandas_datetime.cpython-314-x86_64-linux-gnu.so.p/src_datetime_date_conversions.c.o
      [11/151] Compiling C object pandas/_libs/pandas_datetime.cpython-314-x86_64-linux-gnu.so.p/src_datetime_pd_datetime.c.o
      [12/151] Compiling C object pandas/_libs/pandas_parser.cpython-314-x86_64-linux-gnu.so.p/src_parser_io.c.o
      [13/151] Compiling Cython source /tmp/pip-install-e70my99u/pandas_8238484cc8184e3594c3b04dff3ea64f/pandas/_libs/indexing.pyx
      [14/151] Compiling C object pandas/_libs/pandas_datetime.cpython-314-x86_64-linux-gnu.so.p/src_vendored_numpy_datetime_np_datetime.c.o
      [15/151] Compiling C object pandas/_libs/pandas_datetime.cpython-314-x86_64-linux-gnu.so.p/src_vendored_numpy_datetime_np_datetime_strings.c.o
      [16/151] Linking target pandas/_libs/pandas_datetime.cpython-314-x86_64-linux-gnu.so
      [17/151] Compiling C object pandas/_libs/pandas_parser.cpython-314-x86_64-linux-gnu.so.p/src_parser_pd_parser.c.o
      [18/151] Compiling C object pandas/_libs/indexing.cpython-314-x86_64-linux-gnu.so.p/meson-generated_pandas__libs_indexing.pyx.c.o
      FAILED: pandas/_libs/indexing.cpython-314-x86_64-linux-gnu.so.p/meson-generated_pandas__libs_indexing.pyx.c.o
      cc -Ipandas/_libs/indexing.cpython-314-x86_64-linux-gnu.so.p -Ipandas/_libs -I../../pandas/_libs -I../../../../pip-build-env-phw010yk/overlay/lib/python3.14/site-packages/numpy/core/include -I../../pandas/_libs/include -I/opt/render/project/python/Python-3.14.3/include/python3.14 -fvisibility=hidden -fdiagnostics-color=always -DNDEBUG -D_FILE_OFFSET_BITS=64 -w -std=c99 -O3 -DNPY_NO_DEPRECATED_API=0 -DNPY_TARGET_VERSION=NPY_1_21_API_VERSION -fPIC -MD -MQ pandas/_libs/indexing.cpython-314-x86_64-linux-gnu.so.p/meson-generated_pandas__libs_indexing.pyx.c.o -MF pandas/_libs/indexing.cpython-314-x86_64-linux-gnu.so.p/meson-generated_pandas__libs_indexing.pyx.c.o.d -o pandas/_libs/indexing.cpython-314-x86_64-linux-gnu.so.p/meson-generated_pandas__libs_indexing.pyx.c.o -c pandas/_libs/indexing.cpython-314-x86_64-linux-gnu.so.p/pandas/_libs/indexing.pyx.c
      pandas/_libs/indexing.cpython-314-x86_64-linux-gnu.so.p/pandas/_libs/indexing.pyx.c: In function â€˜__Pyx_PyInt_As_longâ€™:
      pandas/_libs/indexing.cpython-314-x86_64-linux-gnu.so.p/pandas/_libs/indexing.pyx.c:4969:27: error: too few arguments to function â€˜_PyLong_AsByteArrayâ€™
       4969 |                 int ret = _PyLong_AsByteArray((PyLongObject *)v,
            |                           ^~~~~~~~~~~~~~~~~~~
      In file included from /opt/render/project/python/Python-3.14.3/include/python3.14/longobject.h:171,
                       from /opt/render/project/python/Python-3.14.3/include/python3.14/Python.h:92,
                       from pandas/_libs/indexing.cpython-314-x86_64-linux-gnu.so.p/pandas/_libs/indexing.pyx.c:6:
      /opt/render/project/python/Python-3.14.3/include/python3.14/cpython/longobject.h:84:17: note: declared here
         84 | PyAPI_FUNC(int) _PyLong_AsByteArray(PyLongObject* v,
            |                 ^~~~~~~~~~~~~~~~~~~
      pandas/_libs/indexing.cpython-314-x86_64-linux-gnu.so.p/pandas/_libs/indexing.pyx.c: In function â€˜__Pyx_PyInt_As_intâ€™:
      pandas/_libs/indexing.cpython-314-x86_64-linux-gnu.so.p/pandas/_libs/indexing.pyx.c:5203:27: error: too few arguments to function â€˜_PyLong_AsByteArrayâ€™
       5203 |                 int ret = _PyLong_AsByteArray((PyLongObject *)v,
            |                           ^~~~~~~~~~~~~~~~~~~
      /opt/render/project/python/Python-3.14.3/include/python3.14/cpython/longobject.h:84:17: note: declared here
         84 | PyAPI_FUNC(int) _PyLong_AsByteArray(PyLongObject* v,
            |                 ^~~~~~~~~~~~~~~~~~~
      [19/151] Compiling Cython source /tmp/pip-install-e70my99u/pandas_8238484cc8184e3594c3b04dff3ea64f/pandas/_libs/tslibs/base.pyx
      [20/151] Compiling C object pandas/_libs/parsers.cpython-314-x86_64-linux-gnu.so.p/src_parser_io.c.o
      [21/151] Compiling Cython source /tmp/pip-install-e70my99u/pandas_8238484cc8184e3594c3b04dff3ea64f/pandas/_libs/tslibs/ccalendar.pyx
      [22/151] Compiling C object pandas/_libs/tslibs/parsing.cpython-314-x86_64-linux-gnu.so.p/.._src_parser_tokenizer.c.o
      [23/151] Compiling C object pandas/_libs/lib.cpython-314-x86_64-linux-gnu.so.p/src_parser_tokenizer.c.o
      [24/151] Compiling C object pandas/_libs/pandas_parser.cpython-314-x86_64-linux-gnu.so.p/src_parser_tokenizer.c.o
      [25/151] Compiling Cython source /tmp/pip-install-e70my99u/pandas_8238484cc8184e3594c3b04dff3ea64f/pandas/_libs/tslibs/dtypes.pyx
      [26/151] Compiling Cython source /tmp/pip-install-e70my99u/pandas_8238484cc8184e3594c3b04dff3ea64f/pandas/_libs/tslibs/np_datetime.pyx
      [27/151] Compiling Cython source /tmp/pip-install-e70my99u/pandas_8238484cc8184e3594c3b04dff3ea64f/pandas/_libs/arrays.pyx
      [28/151] Compiling Cython source /tmp/pip-install-e70my99u/pandas_8238484cc8184e3594c3b04dff3ea64f/pandas/_libs/tslibs/nattype.pyx
      [29/151] Compiling Cython source /tmp/pip-install-e70my99u/pandas_8238484cc8184e3594c3b04dff3ea64f/pandas/_libs/missing.pyx
      [30/151] Compiling C object pandas/_libs/parsers.cpython-314-x86_64-linux-gnu.so.p/src_parser_tokenizer.c.o
      [31/151] Compiling Cython source /tmp/pip-install-e70my99u/pandas_8238484cc8184e3594c3b04dff3ea64f/pandas/_libs/tslibs/vectorized.pyx
      [32/151] Compiling Cython source /tmp/pip-install-e70my99u/pandas_8238484cc8184e3594c3b04dff3ea64f/pandas/_libs/hashing.pyx
      [33/151] Compiling Cython source /tmp/pip-install-e70my99u/pandas_8238484cc8184e3594c3b04dff3ea64f/pandas/_libs/tslibs/timezones.pyx
      [34/151] Compiling Cython source /tmp/pip-install-e70my99u/pandas_8238484cc8184e3594c3b04dff3ea64f/pandas/_libs/tslibs/offsets.pyx
      [35/151] Compiling Cython source /tmp/pip-install-e70my99u/pandas_8238484cc8184e3594c3b04dff3ea64f/pandas/_libs/tslibs/tzconversion.pyx
      [36/151] Compiling Cython source /tmp/pip-install-e70my99u/pandas_8238484cc8184e3594c3b04dff3ea64f/pandas/_libs/tslibs/conversion.pyx
      [37/151] Compiling Cython source /tmp/pip-install-e70my99u/pandas_8238484cc8184e3594c3b04dff3ea64f/pandas/_libs/tslibs/strptime.pyx
      [38/151] Compiling Cython source /tmp/pip-install-e70my99u/pandas_8238484cc8184e3594c3b04dff3ea64f/pandas/_libs/tslibs/fields.pyx
      [39/151] Compiling Cython source /tmp/pip-install-e70my99u/pandas_8238484cc8184e3594c3b04dff3ea64f/pandas/_libs/internals.pyx
      [40/151] Compiling Cython source /tmp/pip-install-e70my99u/pandas_8238484cc8184e3594c3b04dff3ea64f/pandas/_libs/tslibs/parsing.pyx
      [41/151] Compiling Cython source /tmp/pip-install-e70my99u/pandas_8238484cc8184e3594c3b04dff3ea64f/pandas/_libs/tslibs/timestamps.pyx
      [42/151] Compiling Cython source /tmp/pip-install-e70my99u/pandas_8238484cc8184e3594c3b04dff3ea64f/pandas/_libs/tslibs/period.pyx
      [43/151] Compiling Cython source /tmp/pip-install-e70my99u/pandas_8238484cc8184e3594c3b04dff3ea64f/pandas/_libs/tslibs/timedeltas.pyx
      [44/151] Compiling Cython source /tmp/pip-install-e70my99u/pandas_8238484cc8184e3594c3b04dff3ea64f/pandas/_libs/parsers.pyx
      [45/151] Compiling Cython source /tmp/pip-install-e70my99u/pandas_8238484cc8184e3594c3b04dff3ea64f/pandas/_libs/lib.pyx
      [46/151] Compiling Cython source /tmp/pip-install-e70my99u/pandas_8238484cc8184e3594c3b04dff3ea64f/pandas/_libs/index.pyx
      [47/151] Compiling Cython source /tmp/pip-install-e70my99u/pandas_8238484cc8184e3594c3b04dff3ea64f/pandas/_libs/interval.pyx
      [48/151] Compiling Cython source /tmp/pip-install-e70my99u/pandas_8238484cc8184e3594c3b04dff3ea64f/pandas/_libs/hashtable.pyx
      [49/151] Compiling Cython source /tmp/pip-install-e70my99u/pandas_8238484cc8184e3594c3b04dff3ea64f/pandas/_libs/join.pyx
      [50/151] Compiling Cython source /tmp/pip-install-e70my99u/pandas_8238484cc8184e3594c3b04dff3ea64f/pandas/_libs/groupby.pyx
      [51/151] Compiling Cython source /tmp/pip-install-e70my99u/pandas_8238484cc8184e3594c3b04dff3ea64f/pandas/_libs/algos.pyx
      ninja: build stopped: subcommand failed.
      [end of output]
  
  note: This error originates from a subprocess, and is likely not a problem with pip.
[notice] A new release of pip is available: 25.3 -> 26.0.1
[notice] To update, run: pip install --upgrade pip
error: metadata-generation-failed
Ã— Encountered error while generating package metadata.
â•°â”€> pandas
note: This is an issue with the package mentioned above, not pip.
hint: See above for details.
==> Build failed ðŸ˜ž
==> Common ways to troubleshoot your deploy: https://render.com/docs/troubleshooting-deploys